Success...File_Open:業態調査票（（株）清和光学製作所）.xlsx
Success...File_Open:業態調査票（ＮＣＤ NakajimaControlDesign）.xlsx
Success...File_Open:業態調査票（イヌイ株式会社）.xlsx
Success...File_Open:業態調査票（スペクトラ・フィジックス株式会社）.xlsx
Success...File_Open:業態調査票（トルク精密工業株式会社）.xlsx
Success...File_Open:業態調査票（株式会社SCREENクリエイティブコミュニケーションズ）.xlsx
Success...File_Open:業態調査票（株式会社テクノフォームジャパン）.xlsx
Success...File_Open:業態調査票（株式会社ヤハタ）.xlsx
Success...File_Open:業態調査票（株式会社ワコム電創）.xlsx
Success...File_Open:業態調査票（株式会社名和）.xlsx
Success...File_Open:業態調査票（㈱八木熊）.xlsx
Success...File_Open:業態調査票（有限会社梅津製作所）.xlsx
Success...File_Open:業態調査表 (シーシーエス株式会社).xlsx
Success...File_Open:業態調査表 (株式会社システムブレイン).xlsx
Success...File_Open:業態調査表（(株)デジタル・スパイス）.xlsx
Success...File_Open:業態調査表（(株)昭和メディカルサイエンス）.xlsx
Success...File_Open:業態調査表（（株）常盤商行）.xlsx
Success...File_Open:業態調査表（（株）大和金属製作所）.xlsx
Success...File_Open:業態調査表（(株)中野屋ステンレス）.xlsx
Success...File_Open:業態調査表（（株）鈴鋼製作所）.xlsx
Success...File_Open:業態調査表（(有)サンコート）.xlsx
Success...File_Open:業態調査表（IKE株式会社）.xlsx
Success...File_Open:業態調査表（ＮＣＣ株式会社） .xlsx
Success...File_Open:業態調査表（NT販売株式会社）.xlsx
Success...File_Open:業態調査表（TiMOTION JAPAN株式会社）.xlsx
Success...File_Open:業態調査表（アーバンフォレスト(株)）.xlsx
Success...File_Open:業態調査表（アキレス株式会社）.xlsx
Success...File_Open:業態調査表(アディメック・エレクトロニック・イメージング(株)).xlsx
Success...File_Open:業態調査表（いその(株)長野営業所）.xlsx
Success...File_Open:業態調査表(ウシオ電機株式会社）.xlsx
Success...File_Open:業態調査表（ウッドブレ－ンすみ）.xlsx
Success...File_Open:業態調査表(エヌ・エム・ビー販売㈱).xlsx
Success...File_Open:業態調査表（オムロンセンテック株式会社）.xlsx
Success...File_Open:業態調査表（オリエンタルチエン工業株式会社） .xlsx
Success...File_Open:業態調査表（オリムベクスタ株式会社）.xlsx
Success...File_Open:業態調査表（サンワテクノス株式会社).xlsx
Success...File_Open:業態調査表（シグマ光機(株)）.xlsx
Success...File_Open:業態調査表（シンコー株式会社）.xlsx
Success...File_Open:業態調査表（スズデン㈱）.xlsx
Success...File_Open:業態調査表（スターライト工業株式会社）.xlsx
Success...File_Open:業態調査表（スリーイメージング株式会社）.xlsx
Success...File_Open:業態調査表（セーレン㈱）.xlsx
Success...File_Open:業態調査表（ソムフィ株式会社） .xlsx
Success...File_Open:業態調査表（ダイコー化学工業株式会社）.xlsx
Success...File_Open:業態調査表（ダイトロン株式会社）.xlsx
Success...File_Open:業態調査表（ダイナパック株式会社）.xlsx
Success...File_Open:業態調査表（ダイワテント商会）.xlsx
Success...File_Open:業態調査表（タカキ製作所株式会社） .xlsx
Success...File_Open:業態調査表（タキロンシーアイ（株））.xlsx
Success...File_Open:業態調査表（デュポン）.xlsx
Success...File_Open:業態調査表（トーアメック株式会社） .xlsx
Success...File_Open:業態調査表（トーヨーソフランテック株式会社） .xlsx
Success...File_Open:業態調査表（トキハ産業株式会社）.xlsx
Success...File_Open:業態調査表（ナパック株式会社）.xlsx
Success...File_Open:業態調査表（ナラサキ産業株式会社）.xlsx
Success...File_Open:業態調査表(ハイウィン株式会社).xlsx
Success...File_Open:業態調査表（バイスリープロジェクツ株式会社）.xlsx
Success...File_Open:業態調査表（ハヤシレピック株式会社）.xlsx
Success...File_Open:業態調査表（パルス電子㈱）.xlsx
Success...File_Open:業態調査表（パンチ工業(株)）.xlsx
Success...File_Open:業態調査表（マサモト株式会社）.xlsx
Success...File_Open:業態調査表(マスト).xlsx
Success...File_Open:業態調査表（マテックス精工株式会社）.xlsx
Success...File_Open:業態調査表（ミドリオートレザー株式会社）.xlsx
Success...File_Open:業態調査表（メディコケイジン株式会社）.xlsx
Success...File_Open:業態調査表（メトロ電気株式会社）.xlsx
Success...File_Open:業態調査表（モリテックスチール㈱）.xlsx
Success...File_Open:業態調査表（ライトニング）.xlsx
Success...File_Open:業態調査表（ワタキューセイモア株式会社）.xlsx
Success...File_Open:業態調査表（伊藤電工㈱）.xlsx
Success...File_Open:業態調査表（井上特殊鋼㈱）.xlsx
Success...File_Open:業態調査表（栄光商事株式会社）.xlsx
Success...File_Open:業態調査表（岡谷酸素株式会社）.xlsx
Success...File_Open:業態調査表（岡谷薄板販売株式会社）.xlsx
Success...File_Open:業態調査表（沖電線株式会社）.xlsx
Success...File_Open:業態調査表（加藤株式会社）.xlsx
Success...File_Open:業態調査表（河崎発條株式会社）.xlsx
Success...File_Open:業態調査表（花村産業株式会社）.xlsx
Success...File_Open:業態調査表（株式会社 ニフコ）  .xlsx
Success...File_Open:業態調査表（株式会社 榊原鈑金）.xlsx
Success...File_Open:業態調査表（株式会社Cominix）.xlsx
Success...File_Open:業態調査表（株式会社MES甲信）.xlsx
Success...File_Open:業態調査表(株式会社アーレスティ).xlsx
Success...File_Open:業態調査表（株式会社アガツマ）.xlsx
Success...File_Open:業態調査表（株式会社アスク）.xlsx
Success...File_Open:業態調査表（株式会社アセラ）.xlsx
Success...File_Open:業態調査表（株式会社アバールデータ）.xlsx
Success...File_Open:業態調査表（株式会社イーピーイ）.xlsx
Success...File_Open:業態調査表（株式会社エデックリンセイシステム）.xlsx
Success...File_Open:業態調査表（株式会社カナツー）.xlsx
Success...File_Open:業態調査表（株式会社カノークス）.xlsx
Success...File_Open:業態調査表（株式会社キョウリツ）.xlsx
Success...File_Open:業態調査表（株式会社ケンコー光学）.xlsx
Success...File_Open:業態調査表（株式会社コードー）.xlsx
Success...File_Open:業態調査表（株式会社コズモ）.xlsx
Success...File_Open:業態調査表（株式会社サイデン）.xlsx
Success...File_Open:業態調査表（株式会社サラシナ）.xlsx
Success...File_Open:業態調査表（株式会社ジェイ・エム・ディー）.xlsx
Success...File_Open:業態調査表（株式会社シブタニ）.xlsx
Success...File_Open:業態調査表（株式会社シマズ）.xlsx
Success...File_Open:業態調査表（株式会社ショウエー）.xlsx
Success...File_Open:業態調査表（株式会社ダイヘンテクノサポート）.xlsx
Success...File_Open:業態調査表（株式会社テーケ―）  .xlsx
Success...File_Open:業態調査表（株式会社テク・ミサワ）.xlsx
Success...File_Open:業態調査表（株式会社テクノ）.xlsx
Success...File_Open:業態調査表（株式会社テクノアソシエ）.xlsx
Success...File_Open:業態調査表（株式会社ネオスター）.xlsx
Success...File_Open:業態調査表（株式会社ピーエーイー） .xlsx
Success...File_Open:業態調査表（株式会社ビサイズ）.xlsx
Success...File_Open:業態調査表（株式会社フィット）.xlsx
Success...File_Open:業態調査表（株式会社ブルータス）.xlsx
Success...File_Open:業態調査表（株式会社フローベル）.xlsx
Success...File_Open:業態調査表（株式会社マグナ）.xlsx
Success...File_Open:業態調査表（株式会社マクニカ）.xlsx
Success...File_Open:業態調査表（株式会社マルニシ）.xlsx
Success...File_Open:業態調査表（株式会社ミタカ）.xlsx
Success...File_Open:業態調査表（株式会社ミュートロン）.xlsx
Success...File_Open:業態調査表（株式会社ミラプロ）.xlsx
Success...File_Open:業態調査表（株式会社メルセン）.xlsx
Success...File_Open:業態調査表（株式会社モリカ）.xlsx
Success...File_Open:業態調査表（株式会社モリカネ）.xlsx
Success...File_Open:業態調査表（株式会社ヤスヰ）.xlsx
Success...File_Open:業態調査表（株式会社ヤマプラス）.xlsx
Success...File_Open:業態調査表（株式会社ユーエスアイ） .xlsx
Success...File_Open:業態調査表（株式会社ユーテクノロジー）.xlsx
Success...File_Open:業態調査表（株式会社ヨウホク）.xlsx
Success...File_Open:業態調査表（株式会社リバコトレーディング）.xlsx
Success...File_Open:業態調査表（株式会社リンクス）.xlsx
Success...File_Open:業態調査表（株式会社協電社） .xlsx
Success...File_Open:業態調査表（株式会社研電）.xlsx
Success...File_Open:業態調査表（株式会社交邦磨棒鋼センター）.xlsx
Success...File_Open:業態調査表（株式会社光アルファクス） .xlsx
Success...File_Open:業態調査表（株式会社根津製作所）.xlsx
Success...File_Open:業態調査表（株式会社三井精工）.xlsx
Success...File_Open:業態調査表（株式会社三映電器製作所）.xlsx
Success...File_Open:業態調査表（株式会社三越化学）.xlsx
Success...File_Open:業態調査表（株式会社三誠）.xlsx
Success...File_Open:業態調査表（株式会社小林製帆） .xlsx
Success...File_Open:業態調査表（株式会社信州光電）.xlsx
Success...File_Open:業態調査表（株式会社森傳）.xlsx
Success...File_Open:業態調査表（株式会社清光社）.xlsx
Success...File_Open:業態調査表（株式会社川上製作所）.xlsx
Success...File_Open:業態調査表（株式会社双葉製作所）.xlsx
Success...File_Open:業態調査表（株式会社竹内製作所）.xlsx
Success...File_Open:業態調査表（株式会社朝日測器）.xlsx
Success...File_Open:業態調査表（株式会社長野ユーシン）.xlsx
Success...File_Open:業態調査表（株式会社長野工業所）.xlsx
Success...File_Open:業態調査表（株式会社土屋製作所）.xlsx
Success...File_Open:業態調査表（株式会社東特上上田販売店）.xlsx
Success...File_Open:業態調査表（株式会社栃本天海堂）.xlsx
Success...File_Open:業態調査表（株式会社栃木ニコン）.xlsx
Success...File_Open:業態調査表（株式会社南信化成）.xlsx
Success...File_Open:業態調査表（株式会社日本シールボンド）.xlsx
Success...File_Open:業態調査表（株式会社八幡ねじ） .xlsx
Success...File_Open:業態調査表（株式会社飯田スタジオ）.xlsx
Success...File_Open:業態調査表（株式会社菱光社　諏訪営業所）.xlsx
Success...File_Open:業態調査表（㈱E-クリエイト）.xlsx
Success...File_Open:業態調査表（㈱アイパックス）.xlsx
Success...File_Open:業態調査表（㈱アヤハエンジニアリング）.xlsx
Success...File_Open:業態調査表（㈱エフ・シー・エス）.xlsx
Success...File_Open:業態調査表（㈱トータルデザインサービス）.xlsx
Success...File_Open:業態調査表（㈱ニシワキ）.xlsx
Success...File_Open:業態調査表（㈱ポリテック）.xlsx
Success...File_Open:業態調査表（㈱マスダ）.xlsx
Success...File_Open:業態調査表（㈱メデック）.xlsx
Success...File_Open:業態調査表（㈱高木商会）.xlsx
Success...File_Open:業態調査表（㈱日野エンジニアリング）.xlsx
Success...File_Open:業態調査表（丸一鋼販㈱）.xlsx
Success...File_Open:業態調査表（亀沢製作所）.xlsx
Success...File_Open:業態調査表（宮坂ゴム株式会社）.xlsx
Success...File_Open:業態調査表（京都電機器株式会社）.xlsx
Success...File_Open:業態調査表(共栄ダンボール株式会社).xlsx
Success...File_Open:業態調査表（共栄工業株式会社）.xlsx
Success...File_Open:業態調査表（共栄電資株式会社　長野営業部）.xlsx
Success...File_Open:業態調査表（共和商事株式会社）.xlsx
Success...File_Open:業態調査表（協栄産業(株)）.xlsx
Success...File_Open:業態調査表（櫛田興業株式会社）.xlsx
Success...File_Open:業態調査表（古賀オール株式会社）.xlsx
Success...File_Open:業態調査表（光伝導機株式会社）.xlsx
Success...File_Open:業態調査表（高山理化精機㈱）.xlsx
Success...File_Open:業態調査表（高槻ダイカスト株式会社）.xlsx
Success...File_Open:業態調査表（合資会社間瀬製作所）.xlsx
Success...File_Open:業態調査表（根津鋼材㈱）.xlsx
Success...File_Open:業態調査表（佐藤金属株式会社）.xlsx
Success...File_Open:業態調査表（阪和興業株式会社名古屋支社） .xlsx
Success...File_Open:業態調査表（三枝塗料株式会社）.xlsx
Success...File_Open:業態調査表（寺師産業株式会社）.xlsx
Success...File_Open:業態調査表（住友機材株式会社）.xlsx
Success...File_Open:業態調査表（春日工業）.xlsx
Success...File_Open:業態調査表（小野ゴム工業㈱）.xlsx
Success...File_Open:業態調査表（小野リード株式会社）.xlsx
Success...File_Open:業態調査表（昭和電機産業株式会社）.xlsx
Success...File_Open:業態調査表（昭和電子工業㈱）.xlsx
Success...File_Open:業態調査表（松浦屋株式会社） .xlsx
Success...File_Open:業態調査表（湘南機械工業株式会社） .xlsx
Success...File_Open:業態調査表（上村工業株式会社）.xlsx
Success...File_Open:業態調査表（信光精密株式会社）.xlsx
Success...File_Open:業態調査表（信州電機産業㈱㈱）.xlsx
Success...File_Open:業態調査表（信濃ブロック有限会社）.xlsx
Success...File_Open:業態調査表（信濃電材㈱）.xlsx
Success...File_Open:業態調査表（新光商事㈱）.xlsx
Success...File_Open:業態調査表（新日本金属工業株式会社）.xlsx
Success...File_Open:業態調査表（正周工業株式会社）.xlsx
Success...File_Open:業態調査表（石川株式会社）.xlsx
Success...File_Open:業態調査表（千代田電子機器株式会社） .xlsx
Success...File_Open:業態調査表（太陽理化工業株式会社）.xlsx
Success...File_Open:業態調査表（大井運送株式会社）.xlsx
Success...File_Open:業態調査表（大一帆布株式会社）.xlsx
Success...File_Open:業態調査表（大塚電子株式会社）.xlsx
Success...File_Open:業態調査表（大和興業株式会社 ）.xlsx
Success...File_Open:業態調査表（中部化成株式会社）.xlsx
Success...File_Open:業態調査表（長野森紙業株式会社） .xlsx
Success...File_Open:業態調査表（長野東技（株））.xlsx
Success...File_Open:業態調査表（帝人テクロス㈱）.xlsx
Success...File_Open:業態調査表（東京シンコール株式会社）.xlsx
Success...File_Open:業態調査表（東京シンコーレザー(株)）.xlsx
Success...File_Open:業態調査表（東京マイクロ株式会社）.xlsx
Success...File_Open:業態調査表(東北特殊鋼株式会社).xlsx
Success...File_Open:業態調査表（東實株式会社）.xlsx
Success...File_Open:業態調査表（特許機器株式会社）.xlsx
Success...File_Open:業態調査表（鍋林株式会社）.xlsx
Success...File_Open:業態調査表（楠本化成株式会社）.xlsx
Success...File_Open:業態調査表（日星電気株式会社）.xlsx
Success...File_Open:業態調査表（日清紡ケミカル株式会社）.xlsx
Success...File_Open:業態調査表（日本ジェネティクス株式会社）.xlsx
Success...File_Open:業態調査表（日本システム株式会社）.xlsx
Success...File_Open:業態調査表（日本フレックス工業株式会社）.xlsx
Success...File_Open:業態調査表（日本製紙クレシア株式会社）.xlsx
Success...File_Open:業態調査表（日本電計株式会社）.xlsx
Success...File_Open:業態調査表（日立オートモティブシステムズ＆ナガノ株式会社）.xlsx
Success...File_Open:業態調査表（発光理研株式会社）.xlsx
Success...File_Open:業態調査表（美濃化学工業㈱）.xlsx
Success...File_Open:業態調査表（菱和電機株式会社）.xlsx
Success...File_Open:業態調査表（浜口ウレタン株式会社）.xlsx
Success...File_Open:業態調査表（浜松ホトニクス(株)）.xlsx
Success...File_Open:業態調査表（富士精器株式会社）.xlsx
Success...File_Open:業態調査表（平河ヒューテック株式会社）.xlsx
Success...File_Open:業態調査表（平野鋼線株式会社）.xlsx
Success...File_Open:業態調査表（豊通鉄鋼販売株式会社）.xlsx
Success...File_Open:業態調査表（埋橋　一明 ジェネシスソフト）.xlsx
Success...File_Open:業態調査表（桝木テント商会）.xlsx
Success...File_Open:業態調査表（木村工業有限会社）.xlsx
Success...File_Open:業態調査表（有限会社イトウ技研）.xlsx
Success...File_Open:業態調査表（有限会社イトウ殿）.xlsx
Success...File_Open:業態調査表（有限会社カク忠製作所）.xlsx
Success...File_Open:業態調査表（有限会社キョーシン精工）.xlsx
Success...File_Open:業態調査表（有限会社サカエ）.xlsx
Success...File_Open:業態調査表（有限会社ソーン設計事務所）.xlsx
Success...File_Open:業態調査表（有限会社ティンカーベル）.xlsx
Success...File_Open:業態調査表（有限会社テクス）.xlsx
Success...File_Open:業態調査表（有限会社ヒラサワ建設）.xlsx
Success...File_Open:業態調査表（有限会社ライフサポート）.xlsx
Success...File_Open:業態調査表（有限会社旭研磨）.xlsx
Success...File_Open:業態調査表（有限会社井上板金）.xlsx
Success...File_Open:業態調査表（有限会社三峰電機工業）.xlsx
Success...File_Open:業態調査表（有限会社市木）.xlsx
Success...File_Open:業態調査表（有限会社小泉精機製作所） .xlsx
Success...File_Open:業態調査表（有限会社深沢製帆店）.xlsx
Success...File_Open:業態調査表（有限会社清水製作所）.xlsx
Success...File_Open:業態調査表（有限会社創栄）.xlsx
Success...File_Open:業態調査表（有限会社中央物産）.xlsx
Success...File_Open:業態調査表（有限会社中村製作所）.xlsx
Success...File_Open:業態調査表（有限会社東海ナノテック）.xlsx
Success...File_Open:業態調査表（有限会社南信熱錬工業）.xlsx
Success...File_Open:業態調査表（有限会社浜ダイカスト）.xlsx
Success...File_Open:業態調査表（有限会社野溝製作所）.xlsx
Success...File_Open:業態調査表（㈲エフ・アール・ケイ）.xlsx
Success...File_Open:業態調査表（㈲松本プラスチック製作所）.xlsx
Success...File_Open:業態調査表（㈲朝日発条製作所）.xlsx
Success...File_Open:業態調査表（龍野コルク工業(株)）.xlsx
Success...File_Open:業態調査表(鈴木プレス工業).xlsx
Success...File_Open:業態調査表（澤井小店）.xlsx
Success...File_Open:業態調査表（簑和田株式会社）.xlsx
Success...File_Open:業態調査表_((株)エフエムシー).xlsx
Success...File_Open:業態調査表_((株)キタキン).xlsx
Success...File_Open:業態調査表_((株)チヨダサイエンス).xlsx
Success...File_Open:業態調査表_((株)プライムモーション).xlsx
Success...File_Open:業態調査表_((株)マルイチパッケージ).xlsx
Success...File_Open:業態調査表_((株)諏訪ねじ).xlsx
Success...File_Open:業態調査表_((株)東京鋲兼).xlsx
Success...File_Open:業態調査表_(SUS株式会社).xlsx
Success...File_Open:業態調査表_(ケー・シミズ).xlsx
Success...File_Open:業態調査表_(タツモ株式会社).xlsx
Success...File_Open:業態調査表_(タナカ鉄鋼販売株式会社).xlsx
Success...File_Open:業態調査表_(ビットラン株式会社).xlsx
Success...File_Open:業態調査表_(モリ工業株式会社).xlsx
Success...File_Open:業態調査表_(旭千代田工業株式会社).xlsx
Success...File_Open:業態調査表_(伊藤忠プラスチックス株式会社).xlsx
Success...File_Open:業態調査表_(伊那トロン株式会社).xlsx
Success...File_Open:業態調査表_(伊那プラスチック(株)).xlsx
Success...File_Open:業態調査表_(株式会社Ａ・Ｍ・Ｃ).xlsx
Success...File_Open:業態調査表_(株式会社アンタック).xlsx
Success...File_Open:業態調査表_(株式会社コムズ).xlsx
Success...File_Open:業態調査表_(株式会社サステック).xlsx
Success...File_Open:業態調査表_(株式会社ジェーイーエル).xlsx
Success...File_Open:業態調査表_(株式会社シバサキ).xlsx
Success...File_Open:業態調査表_(株式会社タカハシテクノ).xlsx
Success...File_Open:業態調査表_(株式会社ティー・イー・エム).xlsx
Success...File_Open:業態調査表_(株式会社ナンシン).xlsx
Success...File_Open:業態調査表_(株式会社ビジコムジャパン).xlsx
Success...File_Open:業態調査表_(株式会社マイダス ).xlsx
Success...File_Open:業態調査表_(株式会社マストテクノ).xlsx
Success...File_Open:業態調査表_(株式会社ヤハタ精工).xlsx
Success...File_Open:業態調査表_(株式会社ユーアイテクニカ).xlsx
Success...File_Open:業態調査表_(株式会社ランデック).xlsx
Success...File_Open:業態調査表_(株式会社リネックス).xlsx
Success...File_Open:業態調査表_(株式会社京都日昭).xlsx
Success...File_Open:業態調査表_(株式会社郡上合板).xlsx
Success...File_Open:業態調査表_(株式会社工研).xlsx
Success...File_Open:業態調査表_（株式会社高田精密板金工業）.xlsx
Success...File_Open:業態調査表_(株式会社匠研磨).xlsx
Success...File_Open:業態調査表_(株式会社上川).xlsx
Success...File_Open:業態調査表_(株式会社成立).xlsx
Success...File_Open:業態調査表_(株式会社石川製作所).xlsx
Success...File_Open:業態調査表_(株式会社総合園芸).xlsx
Success...File_Open:業態調査表_(株式会社増田清商店).xlsx
Success...File_Open:業態調査表_(株式会社日星化工).xlsx
Success...File_Open:業態調査表_(株式会社芳和精機).xlsx
Success...File_Open:業態調査表_(株式会社陽和).xlsx
Success...File_Open:業態調査表_(吉澤精機工業株式会社).xlsx
Success...File_Open:業態調査表_(恵那ダンボール株式会社).xlsx
Success...File_Open:業態調査表_(三協株式会社).xlsx
Success...File_Open:業態調査表_(山宗株式会社).xlsx
Success...File_Open:業態調査表_(清水プラスチック工業(株)).xlsx
Success...File_Open:業態調査表_(大淀化成工業株式会社).xlsx
Success...File_Open:業態調査表_(大和電子材(株)).xlsx
Success...File_Open:業態調査表_(第一物産(株)).xlsx
Success...File_Open:業態調査表_(中央精機株式会社).xlsx
Success...File_Open:業態調査表_(中津川包装工業株式会社).xlsx
Success...File_Open:業態調査表_(長野三菱電機機器販売(株)).xlsx
Success...File_Open:業態調査表_(槌屋).xlsx
Success...File_Open:業態調査表_(東海化工(株)).xlsx
Success...File_Open:業態調査表_(東泉産業株式会社).xlsx
Success...File_Open:業態調査表_(日産スプリング株式会社).xlsx
Success...File_Open:業態調査表_(日新工業株式会社).xlsx
Success...File_Open:業態調査表_(日精機工株式会社).xlsx
Success...File_Open:業態調査表_(本多金属工業株式会社).xlsx
Success...File_Open:業態調査表_(有限会社キャストウエア).xlsx
Success...File_Open:業態調査表_(有限会社サヤマ).xlsx
Success...File_Open:業態調査表_(有限会社光製作所).xlsx
Success...File_Open:業態調査表_(有限会社泰成運輸).xlsx
Success...File_Open:業態調査表_(櫻井精技株式会社).xlsx
Success...File_Open:業態調査表_(澤田産業株式会社).xlsx
