Success...Query:004327,業態調査票（（株）清和光学製作所）.xlsx
Success...Query:004265,業態調査票（ＮＣＤ NakajimaControlDesign）.xlsx
Success...Query:004032,業態調査票（イヌイ株式会社）.xlsx
Success...Query:003582,業態調査票（スペクトラ・フィジックス株式会社）.xlsx
Success...Query:004200,業態調査票（トルク精密工業株式会社）.xlsx
Success...Query:004235,業態調査票（株式会社SCREENクリエイティブコミュニケーションズ）.xlsx
Success...Query:003956,業態調査票（株式会社テクノフォームジャパン）.xlsx
Success...Query:002992,業態調査票（株式会社ヤハタ）.xlsx
Success...Query:004343,業態調査票（株式会社ワコム電創）.xlsx
Success...Query:004071,業態調査票（株式会社名和）.xlsx
Success...Query:004156,業態調査票（㈱八木熊）.xlsx
Success...Query:001058,業態調査票（有限会社梅津製作所）.xlsx
Success...Query:003104,業態調査表 (シーシーエス株式会社).xlsx
Success...Query:001340,業態調査表 (株式会社システムブレイン).xlsx
Success...Query:002287,業態調査表（(株)デジタル・スパイス）.xlsx
Success...Query:004299,業態調査表（(株)昭和メディカルサイエンス）.xlsx
Success...Query:001991,業態調査表（（株）常盤商行）.xlsx
Success...Query:001703,業態調査表（（株）大和金属製作所）.xlsx
Success...Query:001400,業態調査表（(株)中野屋ステンレス）.xlsx
Success...Query:002269,業態調査表（（株）鈴鋼製作所）.xlsx
Success...Query:001913,業態調査表（(有)サンコート）.xlsx
Success...Query:003447,業態調査表（IKE株式会社）.xlsx
Success...Query:001414,業態調査表（ＮＣＣ株式会社） .xlsx
Success...Query:002396,業態調査表（NT販売株式会社）.xlsx
Success...Query:003988,業態調査表（TiMOTION JAPAN株式会社）.xlsx
Success...Query:001961,業態調査表（アーバンフォレスト(株)）.xlsx
Success...Query:001008,業態調査表（アキレス株式会社）.xlsx
Success...Query:003253,業態調査表(アディメック・エレクトロニック・イメージング(株)).xlsx
Success...Query:002028,業態調査表（いその(株)長野営業所）.xlsx
Success...Query:004350,業態調査表(ウシオ電機株式会社）.xlsx
Success...Query:001046,業態調査表（ウッドブレ－ンすみ）.xlsx
Success...Query:003082,業態調査表(エヌ・エム・ビー販売㈱).xlsx
Success...Query:004213,業態調査表（オムロンセンテック株式会社）.xlsx
Success...Query:001097,業態調査表（オリエンタルチエン工業株式会社） .xlsx
Success...Query:001337,業態調査表（オリムベクスタ株式会社）.xlsx
Success...Query:003015,業態調査表（サンワテクノス株式会社).xlsx
Success...Query:001228,業態調査表（シグマ光機(株)）.xlsx
Success...Query:002266,業態調査表（シンコー株式会社）.xlsx
Success...Query:001244,業態調査表（スズデン㈱）.xlsx
Success...Query:003201,業態調査表（スターライト工業株式会社）.xlsx
Success...Query:004058,業態調査表（スリーイメージング株式会社）.xlsx
Success...Query:001397,業態調査表（セーレン㈱）.xlsx
Success...Query:002209,業態調査表（ソムフィ株式会社） .xlsx
Success...Query:002314,業態調査表（ダイコー化学工業株式会社）.xlsx
Success...Query:001324,業態調査表（ダイトロン株式会社）.xlsx
Success...Query:003483,業態調査表（ダイナパック株式会社）.xlsx
Success...Query:004308,業態調査表（ダイワテント商会）.xlsx
Success...Query:004283,業態調査表（タカキ製作所株式会社） .xlsx
Success...Query:001954,業態調査表（タキロンシーアイ（株））.xlsx
Success...Query:001350,業態調査表（デュポン）.xlsx
Success...Query:002954,業態調査表（トーアメック株式会社） .xlsx
Success...Query:003208,業態調査表（トーヨーソフランテック株式会社） .xlsx
Success...Query:002390,業態調査表（トキハ産業株式会社）.xlsx
Success...Query:002408,業態調査表（ナパック株式会社）.xlsx
Success...Query:004360,業態調査表（ナラサキ産業株式会社）.xlsx
Success...Query:003323,業態調査表(ハイウィン株式会社).xlsx
Success...Query:004031,業態調査表（バイスリープロジェクツ株式会社）.xlsx
Success...Query:002530,業態調査表（ハヤシレピック株式会社）.xlsx
Success...Query:002743,業態調査表（パルス電子㈱）.xlsx
Success...Query:004267,業態調査表（パンチ工業(株)）.xlsx
Success...Query:004097,業態調査表（マサモト株式会社）.xlsx
Success...Query:002601,業態調査表(マスト).xlsx
Success...Query:003499,業態調査表（マテックス精工株式会社）.xlsx
Success...Query:002657,業態調査表（ミドリオートレザー株式会社）.xlsx
Success...Query:001674,業態調査表（メディコケイジン株式会社）.xlsx
Success...Query:003310,業態調査表（メトロ電気株式会社）.xlsx
Success...Query:002758,業態調査表（モリテックスチール㈱）.xlsx
Success...Query:002500,業態調査表（ライトニング）.xlsx
Success...Query:002800,業態調査表（ワタキューセイモア株式会社）.xlsx
Success...Query:001039,業態調査表（伊藤電工㈱）.xlsx
Success...Query:004224,業態調査表（井上特殊鋼㈱）.xlsx
Success...Query:001064,業態調査表（栄光商事株式会社）.xlsx
Success...Query:001086,業態調査表（岡谷酸素株式会社）.xlsx
Success...Query:001094,業態調査表（岡谷薄板販売株式会社）.xlsx
Success...Query:003160,業態調査表（沖電線株式会社）.xlsx
Success...Query:003209,業態調査表（加藤株式会社）.xlsx
Success...Query:001127,業態調査表（河崎発條株式会社）.xlsx
Success...Query:003157,業態調査表（花村産業株式会社）.xlsx
Success...Query:002916,業態調査表（株式会社 ニフコ）  .xlsx
Success...Query:003044,業態調査表（株式会社 榊原鈑金）.xlsx
Success...Query:002118,業態調査表（株式会社Cominix）.xlsx
Success...Query:003501,業態調査表（株式会社MES甲信）.xlsx
Success...Query:001547,業態調査表(株式会社アーレスティ).xlsx
Success...Query:003474,業態調査表（株式会社アガツマ）.xlsx
Success...Query:002002,業態調査表（株式会社アスク）.xlsx
Success...Query:001718,業態調査表（株式会社アセラ）.xlsx
Success...Query:004279,業態調査表（株式会社アバールデータ）.xlsx
Success...Query:001829,業態調査表（株式会社イーピーイ）.xlsx
Success...Query:004150,業態調査表（株式会社エデックリンセイシステム）.xlsx
Success...Query:002126,業態調査表（株式会社カナツー）.xlsx
Success...Query:001122,業態調査表（株式会社カノークス）.xlsx
Success...Query:001134,業態調査表（株式会社キョウリツ）.xlsx
Success...Query:001918,業態調査表（株式会社ケンコー光学）.xlsx
Success...Query:003955,業態調査表（株式会社コードー）.xlsx
Success...Query:002183,業態調査表（株式会社コズモ）.xlsx
Success...Query:003317,業態調査表（株式会社サイデン）.xlsx
Success...Query:001694,業態調査表（株式会社サラシナ）.xlsx
Success...Query:001791,業態調査表（株式会社ジェイ・エム・ディー）.xlsx
Success...Query:003337,業態調査表（株式会社シブタニ）.xlsx
Success...Query:004295,業態調査表（株式会社シマズ）.xlsx
Success...Query:003998,業態調査表（株式会社ショウエー）.xlsx
Success...Query:004282,業態調査表（株式会社ダイヘンテクノサポート）.xlsx
Success...Query:002354,業態調査表（株式会社テーケ―）  .xlsx
Success...Query:002655,業態調査表（株式会社テク・ミサワ）.xlsx
Success...Query:001355,業態調査表（株式会社テクノ）.xlsx
Success...Query:002360,業態調査表（株式会社テクノアソシエ）.xlsx
Success...Query:004141,業態調査表（株式会社ネオスター）.xlsx
Success...Query:002532,業態調査表（株式会社ピーエーイー） .xlsx
Success...Query:003219,業態調査表（株式会社ビサイズ）.xlsx
Success...Query:002934,業態調査表（株式会社フィット）.xlsx
Success...Query:001268,業態調査表（株式会社ブルータス）.xlsx
Success...Query:002475,業態調査表（株式会社フローベル）.xlsx
Success...Query:001614,業態調査表（株式会社マグナ）.xlsx
Success...Query:004309,業態調査表（株式会社マクニカ）.xlsx
Success...Query:001607,業態調査表（株式会社マルニシ）.xlsx
Success...Query:004332,業態調査表（株式会社ミタカ）.xlsx
Success...Query:003137,業態調査表（株式会社ミュートロン）.xlsx
Success...Query:0072638,業態調査表（株式会社ミラプロ）.xlsx
Success...Query:004133,業態調査表（株式会社メルセン）.xlsx
Success...Query:003924,業態調査表（株式会社モリカ）.xlsx
Success...Query:003467,業態調査表（株式会社モリカネ）.xlsx
Success...Query:004341,業態調査表（株式会社ヤスヰ）.xlsx
Success...Query:001708,業態調査表（株式会社ヤマプラス）.xlsx
Success...Query:001042,業態調査表（株式会社ユーエスアイ） .xlsx
Success...Query:003951,業態調査表（株式会社ユーテクノロジー）.xlsx
Success...Query:001742,業態調査表（株式会社ヨウホク）.xlsx
Success...Query:002768,業態調査表（株式会社リバコトレーディング）.xlsx
Success...Query:003907,業態調査表（株式会社リンクス）.xlsx
Success...Query:001883,業態調査表（株式会社協電社） .xlsx
Success...Query:002816,業態調査表（株式会社研電）.xlsx
Success...Query:001188,業態調査表（株式会社交邦磨棒鋼センター）.xlsx
Success...Query:004047,業態調査表（株式会社光アルファクス） .xlsx
Success...Query:001484,業態調査表（株式会社根津製作所）.xlsx
Success...Query:002647,業態調査表（株式会社三井精工）.xlsx
Success...Query:003334,業態調査表（株式会社三映電器製作所）.xlsx
Success...Query:002196,業態調査表（株式会社三越化学）.xlsx
Success...Query:002214,業態調査表（株式会社三誠）.xlsx
Success...Query:004329,業態調査表（株式会社小林製帆） .xlsx
Success...Query:002243,業態調査表（株式会社信州光電）.xlsx
Success...Query:001682,業態調査表（株式会社森傳）.xlsx
Success...Query:003986,業態調査表（株式会社清光社）.xlsx
Success...Query:002355,業態調査表（株式会社川上製作所）.xlsx
Success...Query:002560,業態調査表（株式会社双葉製作所）.xlsx
Success...Query:001309,業態調査表（株式会社竹内製作所）.xlsx
Success...Query:003083,業態調査表（株式会社朝日測器）.xlsx
Success...Query:001225,業態調査表（株式会社長野ユーシン）.xlsx
Success...Query:002400,業態調査表（株式会社長野工業所）.xlsx
Success...Query:002368,業態調査表（株式会社土屋製作所）.xlsx
Success...Query:001363,業態調査表（株式会社東特上上田販売店）.xlsx
Success...Query:004018,業態調査表（株式会社栃本天海堂）.xlsx
Success...Query:001736,業態調査表（株式会社栃木ニコン）.xlsx
Success...Query:001406,業態調査表（株式会社南信化成）.xlsx
Success...Query:002417,業態調査表（株式会社日本シールボンド）.xlsx
Success...Query:003180,業態調査表（株式会社八幡ねじ） .xlsx
Success...Query:004077,業態調査表（株式会社飯田スタジオ）.xlsx
Success...Query:001771,業態調査表（株式会社菱光社　諏訪営業所）.xlsx
Success...Query:004099,業態調査表（㈱E-クリエイト）.xlsx
Success...Query:001002,業態調査表（㈱アイパックス）.xlsx
Success...Query:001999,業態調査表（㈱アヤハエンジニアリング）.xlsx
Success...Query:001078,業態調査表（㈱エフ・シー・エス）.xlsx
Success...Query:003965-1,業態調査表（㈱トータルデザインサービス）.xlsx
Success...Query:002464,業態調査表（㈱ニシワキ）.xlsx
Success...Query:002536,業態調査表（㈱ポリテック）.xlsx
Success...Query:002611,業態調査表（㈱マスダ）.xlsx
Success...Query:001676,業態調査表（㈱メデック）.xlsx
Success...Query:003379,業態調査表（㈱高木商会）.xlsx
Success...Query:003434,業態調査表（㈱日野エンジニアリング）.xlsx
Success...Query:001608,業態調査表（丸一鋼販㈱）.xlsx
Success...Query:001875,業態調査表（亀沢製作所）.xlsx
Success...Query:001639,業態調査表（宮坂ゴム株式会社）.xlsx
Success...Query:004336,業態調査表（京都電機器株式会社）.xlsx
Success...Query:002149,業態調査表(共栄ダンボール株式会社).xlsx
Success...Query:002402,業態調査表（共栄工業株式会社）.xlsx
Success...Query:002859,業態調査表（共栄電資株式会社　長野営業部）.xlsx
Success...Query:004264,業態調査表（共和商事株式会社）.xlsx
Success...Query:004247,業態調査表（協栄産業(株)）.xlsx
Success...Query:003512,業態調査表（櫛田興業株式会社）.xlsx
Success...Query:001186,業態調査表（古賀オール株式会社）.xlsx
Success...Query:002533,業態調査表（光伝導機株式会社）.xlsx
Success...Query:001317,業態調査表（高山理化精機㈱）.xlsx
Success...Query:002321,業態調査表（高槻ダイカスト株式会社）.xlsx
Success...Query:001604,業態調査表（合資会社間瀬製作所）.xlsx
Success...Query:004093,業態調査表（根津鋼材㈱）.xlsx
Success...Query:001205,業態調査表（佐藤金属株式会社）.xlsx
Success...Query:002512,業態調査表（阪和興業株式会社名古屋支社） .xlsx
Success...Query:002207,業態調査表（三枝塗料株式会社）.xlsx
Success...Query:002304,業態調査表（寺師産業株式会社）.xlsx
Success...Query:001259,業態調査表（住友機材株式会社）.xlsx
Success...Query:004118,業態調査表（春日工業）.xlsx
Success...Query:001859,業態調査表（小野ゴム工業㈱）.xlsx
Success...Query:003222,業態調査表（小野リード株式会社）.xlsx
Success...Query:001230,業態調査表（昭和電機産業株式会社）.xlsx
Success...Query:002226,業態調査表（昭和電子工業㈱）.xlsx
Success...Query:003007,業態調査表（松浦屋株式会社） .xlsx
Success...Query:002252,業態調査表（湘南機械工業株式会社） .xlsx
Success...Query:001044,業態調査表（上村工業株式会社）.xlsx
Success...Query:004227,業態調査表（信光精密株式会社）.xlsx
Success...Query:002231,業態調査表（信州電機産業㈱㈱）.xlsx
Success...Query:003558,業態調査表（信濃ブロック有限会社）.xlsx
Success...Query:002232,業態調査表（信濃電材㈱）.xlsx
Success...Query:001231,業態調査表（新光商事㈱）.xlsx
Success...Query:002230,業態調査表（新日本金属工業株式会社）.xlsx
Success...Query:001945,業態調査表（正周工業株式会社）.xlsx
Success...Query:003403,業態調査表（石川株式会社）.xlsx
Success...Query:002338,業態調査表（千代田電子機器株式会社） .xlsx
Success...Query:001966,業態調査表（太陽理化工業株式会社）.xlsx
Success...Query:001103,業態調査表（大井運送株式会社）.xlsx
Success...Query:003586,業態調査表（大一帆布株式会社）.xlsx
Success...Query:004091,業態調査表（大塚電子株式会社）.xlsx
Success...Query:001310,業態調査表（大和興業株式会社 ）.xlsx
Success...Query:002331,業態調査表（中部化成株式会社）.xlsx
Success...Query:001410,業態調査表（長野森紙業株式会社） .xlsx
Success...Query:002432,業態調査表（長野東技（株））.xlsx
Success...Query:002358,業態調査表（帝人テクロス㈱）.xlsx
Success...Query:001369,業態調査表（東京シンコール株式会社）.xlsx
Success...Query:001368,業態調査表（東京シンコーレザー(株)）.xlsx
Success...Query:002389,業態調査表（東京マイクロ株式会社）.xlsx
Success...Query:004154,業態調査表(東北特殊鋼株式会社).xlsx
Success...Query:001366,業態調査表（東實株式会社）.xlsx
Success...Query:001382,業態調査表（特許機器株式会社）.xlsx
Success...Query:001407,業態調査表（鍋林株式会社）.xlsx
Success...Query:004012,業態調査表（楠本化成株式会社）.xlsx
Success...Query:001494,業態調査表（日星電気株式会社）.xlsx
Success...Query:003370,業態調査表（日清紡ケミカル株式会社）.xlsx
Success...Query:004155,業態調査表（日本ジェネティクス株式会社）.xlsx
Success...Query:004355,業態調査表（日本システム株式会社）.xlsx
Success...Query:002468,業態調査表（日本フレックス工業株式会社）.xlsx
Success...Query:002814,業態調査表（日本製紙クレシア株式会社）.xlsx
Success...Query:003229,業態調査表（日本電計株式会社）.xlsx
Success...Query:003235,業態調査表（日立オートモティブシステムズ＆ナガノ株式会社）.xlsx
Success...Query:002537,業態調査表（発光理研株式会社）.xlsx
Success...Query:001647,業態調査表（美濃化学工業㈱）.xlsx
Success...Query:003031,業態調査表（菱和電機株式会社）.xlsx
Success...Query:003542,業態調査表（浜口ウレタン株式会社）.xlsx
Success...Query:001506,業態調査表（浜松ホトニクス(株)）.xlsx
Success...Query:003318,業態調査表（富士精器株式会社）.xlsx
Success...Query:004115,業態調査表（平河ヒューテック株式会社）.xlsx
Success...Query:001522,業態調査表（平野鋼線株式会社）.xlsx
Success...Query:004061,業態調査表（豊通鉄鋼販売株式会社）.xlsx
Success...Query:003672,業態調査表（埋橋　一明 ジェネシスソフト）.xlsx
Success...Query:004268,業態調査表（桝木テント商会）.xlsx
Success...Query:004315,業態調査表（木村工業有限会社）.xlsx
Success...Query:002000,業態調査表（有限会社イトウ技研）.xlsx
Success...Query:002025,業態調査表（有限会社イトウ殿）.xlsx
Success...Query:001106,業態調査表（有限会社カク忠製作所）.xlsx
Success...Query:002403,業態調査表（有限会社キョーシン精工）.xlsx
Success...Query:004096,業態調査表（有限会社サカエ）.xlsx
Success...Query:004231,業態調査表（有限会社ソーン設計事務所）.xlsx
Success...Query:003481,業態調査表（有限会社ティンカーベル）.xlsx
Success...Query:003393,業態調査表（有限会社テクス）.xlsx
Success...Query:003963,業態調査表（有限会社ヒラサワ建設）.xlsx
Success...Query:004175,業態調査表（有限会社ライフサポート）.xlsx
Success...Query:001837,業態調査表（有限会社旭研磨）.xlsx
Success...Query:004009,業態調査表（有限会社井上板金）.xlsx
Success...Query:002633,業態調査表（有限会社三峰電機工業）.xlsx
Success...Query:004017,業態調査表（有限会社市木）.xlsx
Success...Query:001180,業態調査表（有限会社小泉精機製作所） .xlsx
Success...Query:004088,業態調査表（有限会社深沢製帆店）.xlsx
Success...Query:002246,業態調査表（有限会社清水製作所）.xlsx
Success...Query:001840,業態調査表（有限会社創栄）.xlsx
Success...Query:002339,業態調査表（有限会社中央物産）.xlsx
Success...Query:001402,業態調査表（有限会社中村製作所）.xlsx
Success...Query:003400,業態調査表（有限会社東海ナノテック）.xlsx
Success...Query:001405,業態調査表（有限会社南信熱錬工業）.xlsx
Success...Query:001505,業態調査表（有限会社浜ダイカスト）.xlsx
Success...Query:001491,業態調査表（有限会社野溝製作所）.xlsx
Success...Query:002447,業態調査表（㈲エフ・アール・ケイ）.xlsx
Success...Query:001609,業態調査表（㈲松本プラスチック製作所）.xlsx
Success...Query:004302,業態調査表（㈲朝日発条製作所）.xlsx
Success...Query:003424,業態調査表（龍野コルク工業(株)）.xlsx
Success...Query:001242,業態調査表(鈴木プレス工業).xlsx
Success...Query:004014,業態調査表（澤井小店）.xlsx
Success...Query:004239,業態調査表（簑和田株式会社）.xlsx
Success...Query:001081,業態調査表_((株)エフエムシー).xlsx
Success...Query:004193,業態調査表_((株)キタキン).xlsx
Success...Query:004004,業態調査表_((株)チヨダサイエンス).xlsx
Success...Query:002555,業態調査表_((株)プライムモーション).xlsx
Success...Query:004053,業態調査表_((株)マルイチパッケージ).xlsx
Success...Query:003923,業態調査表_((株)諏訪ねじ).xlsx
Success...Query:001365,業態調査表_((株)東京鋲兼).xlsx
Success...Query:002065,業態調査表_(SUS株式会社).xlsx
Success...Query:002180,業態調査表_(ケー・シミズ).xlsx
Success...Query:004296,業態調査表_(タツモ株式会社).xlsx
Success...Query:001314,業態調査表_(タナカ鉄鋼販売株式会社).xlsx
Success...Query:004242,業態調査表_(ビットラン株式会社).xlsx
Success...Query:001686,業態調査表_(モリ工業株式会社).xlsx
Success...Query:001009,業態調査表_(旭千代田工業株式会社).xlsx
Success...Query:004243,業態調査表_(伊藤忠プラスチックス株式会社).xlsx
Success...Query:002963,業態調査表_(伊那トロン株式会社).xlsx
Success...Query:001028,業態調査表_(伊那プラスチック(株)).xlsx
Success...Query:002407,業態調査表_(株式会社Ａ・Ｍ・Ｃ).xlsx
Success...Query:002972,業態調査表_(株式会社アンタック).xlsx
Success...Query:002860,業態調査表_(株式会社コムズ).xlsx
Success...Query:003045,業態調査表_(株式会社サステック).xlsx
Success...Query:003576,業態調査表_(株式会社ジェーイーエル).xlsx
Success...Query:003010,業態調査表_(株式会社シバサキ).xlsx
Success...Query:003339,業態調査表_(株式会社タカハシテクノ).xlsx
Success...Query:003484,業態調査表_(株式会社ティー・イー・エム).xlsx
Success...Query:001409,業態調査表_(株式会社ナンシン).xlsx
Success...Query:004202,業態調査表_(株式会社ビジコムジャパン).xlsx
Success...Query:002604,業態調査表_(株式会社マイダス ).xlsx
Success...Query:003541,業態調査表_(株式会社マストテクノ).xlsx
Success...Query:002709,業態調査表_(株式会社ヤハタ精工).xlsx
Success...Query:004314,業態調査表_(株式会社ユーアイテクニカ).xlsx
Success...Query:002766,業態調査表_(株式会社ランデック).xlsx
Success...Query:001911,業態調査表_(株式会社リネックス).xlsx
Success...Query:004208,業態調査表_(株式会社京都日昭).xlsx
Success...Query:002153,業態調査表_(株式会社郡上合板).xlsx
Success...Query:004344,業態調査表_(株式会社工研).xlsx
Success...Query:002292,業態調査表_（株式会社高田精密板金工業）.xlsx
Success...Query:003361,業態調査表_(株式会社匠研磨).xlsx
Success...Query:001878,業態調査表_(株式会社上川).xlsx
Success...Query:002241,業態調査表_(株式会社成立).xlsx
Success...Query:001029,業態調査表_(株式会社石川製作所).xlsx
Success...Query:003020,業態調査表_(株式会社総合園芸).xlsx
Success...Query:004311,業態調査表_(株式会社増田清商店).xlsx
Success...Query:002487,業態調査表_(株式会社日星化工).xlsx
Success...Query:003416,業態調査表_(株式会社芳和精機).xlsx
Success...Query:002980,業態調査表_(株式会社陽和).xlsx
Success...Query:001745,業態調査表_(吉澤精機工業株式会社).xlsx
Success...Query:002017,業態調査表_(恵那ダンボール株式会社).xlsx
Success...Query:004140,業態調査表_(三協株式会社).xlsx
Success...Query:002653,業態調査表_(山宗株式会社).xlsx
Success...Query:002259,業態調査表_(清水プラスチック工業(株)).xlsx
Success...Query:001085,業態調査表_(大淀化成工業株式会社).xlsx
Success...Query:001968,業態調査表_(大和電子材(株)).xlsx
Success...Query:004324,業態調査表_(第一物産(株)).xlsx
Success...Query:003345,業態調査表_(中央精機株式会社).xlsx
Success...Query:003987,業態調査表_(中津川包装工業株式会社).xlsx
Success...Query:001419,業態調査表_(長野三菱電機機器販売(株)).xlsx
Success...Query:004054,業態調査表_(槌屋).xlsx
Success...Query:002889,業態調査表_(東海化工(株)).xlsx
Success...Query:004210,業態調査表_(東泉産業株式会社).xlsx
Success...Query:001668,業態調査表_(日産スプリング株式会社).xlsx
Success...Query:001650,業態調査表_(日新工業株式会社).xlsx
Success...Query:001416,業態調査表_(日精機工株式会社).xlsx
Success...Query:002578,業態調査表_(本多金属工業株式会社).xlsx
Success...Query:001880,業態調査表_(有限会社キャストウエア).xlsx
Success...Query:001201,業態調査表_(有限会社サヤマ).xlsx
Success...Query:001539,業態調査表_(有限会社光製作所).xlsx
Success...Query:001338,業態調査表_(有限会社泰成運輸).xlsx
Success...Query:004326,業態調査表_(櫻井精技株式会社).xlsx
Success...Query:001204,業態調査表_(澤田産業株式会社).xlsx
